\BOOKMARK [0][]{chapter*.2}{\376\377\004\022\004\022\004\025\004\024\004\025\004\035\004\030\004\025}{}% 1
\BOOKMARK [0][]{chapter.1}{\376\377\0001\000.\000\040\000\040\004\020\004\075\004\060\004\073\004\070\004\067\000\040\004\101\004\103\004\111\004\065\004\101\004\102\004\062\004\103\004\116\004\111\004\070\004\105\000\040\004\100\004\065\004\110\004\065\004\075\004\070\004\071}{}% 2
\BOOKMARK [1][]{section.1.1}{\376\377\0001\000.\0001\000.\000\040\000\040\004\030\004\075\004\104\004\076\004\100\004\074\004\060\004\106\004\070\004\076\004\075\004\075\004\113\004\065\000\040\004\101\004\070\004\101\004\102\004\065\004\074\004\113}{chapter.1}% 3
\BOOKMARK [2][-]{subsection.1.1.1}{\376\377\0001\000.\0001\000.\0001\000.\000\040\000\040\004\041\004\077\004\076\004\101\004\076\004\061\004\113\000\040\004\060\004\075\004\060\004\073\004\070\004\102\004\070\004\072\004\070\000\040\004\070\004\075\004\104\004\076\004\100\004\074\004\060\004\106\004\070\004\076\004\075\004\075\004\113\004\105\000\040\004\101\004\070\004\101\004\102\004\065\004\074}{section.1.1}% 4
\BOOKMARK [2][-]{subsection.1.1.2}{\376\377\0001\000.\0001\000.\0002\000.\000\040\000\040\004\030\004\075\004\101\004\102\004\100\004\103\004\074\004\065\004\075\004\102\004\113\000\040\004\060\004\075\004\060\004\073\004\070\004\102\004\070\004\072\004\070\000\040\000V\000t\000i\000g\000e\000r}{section.1.1}% 5
\BOOKMARK [1][]{section.1.2}{\376\377\0001\000.\0002\000.\000\040\000\040\004\041\004\070\004\101\004\102\004\065\004\074\004\113\000\040\004\061\004\070\004\067\004\075\004\065\004\101\000-\004\060\004\075\004\060\004\073\004\070\004\102\004\070\004\072\004\070}{chapter.1}% 6
\BOOKMARK [2][-]{subsection.1.2.1}{\376\377\0001\000.\0002\000.\0001\000.\000\040\000\040\004\020\004\075\004\060\004\073\004\070\004\067\000\040\004\064\004\060\004\075\004\075\004\113\004\105\000\040\004\077\004\073\004\060\004\102\004\104\004\076\004\100\004\074\004\113\000\040\000P\000e\000n\000t\000a\000h\000o\000\040\000B\000I}{section.1.2}% 7
\BOOKMARK [1][]{section.1.3}{\376\377\0001\000.\0003\000.\000\040\000\040\004\030\004\075\004\102\004\065\004\063\004\100\004\060\004\106\004\070\004\117\000\040\000B\000I\000\040\004\070\000\040\004\070\004\075\004\104\004\076\004\100\004\074\004\060\004\106\004\070\004\076\004\075\004\075\004\076\004\071\000\040\004\101\004\070\004\101\004\102\004\065\004\074\004\113}{chapter.1}% 8
\BOOKMARK [1][]{section.1.4}{\376\377\0001\000.\0004\000.\000\040\000\040\004\030\004\102\004\076\004\063\004\070}{chapter.1}% 9
\BOOKMARK [0][]{chapter.2}{\376\377\0002\000.\000\040\000\040\004\037\004\076\004\101\004\102\004\060\004\075\004\076\004\062\004\072\004\060\000\040\004\067\004\060\004\064\004\060\004\107\004\070}{}% 10
\BOOKMARK [0][]{chapter.3}{\376\377\0003\000.\000\040\000\040\004\020\004\100\004\105\004\070\004\102\004\065\004\072\004\102\004\103\004\100\004\060\000\040\004\101\004\070\004\101\004\102\004\065\004\074\004\113\000\040\004\070\000\040\004\062\004\113\004\061\004\076\004\100\000\040\004\101\004\100\004\065\004\064\004\101\004\102\004\062\000\040\004\100\004\060\004\067\004\100\004\060\004\061\004\076\004\102\004\072\004\070}{}% 11
\BOOKMARK [1][]{section.3.1}{\376\377\0003\000.\0001\000.\000\040\000\040\004\037\004\076\004\073\004\103\004\107\004\065\004\075\004\070\004\065\000\040\004\076\004\102\004\107\004\121\004\102\004\060\000\040\004\101\000\040\004\101\004\065\004\100\004\062\004\065\004\100\004\060\000\040\000P\000e\000n\000t\000a\000h\000o}{chapter.3}% 12
\BOOKMARK [1][]{section.3.2}{\376\377\0003\000.\0002\000.\000\040\000\040\000R\000E\000S\000T\000\040\000A\000P\000I\000\040\004\101\004\065\004\100\004\062\004\070\004\101}{chapter.3}% 13
\BOOKMARK [1][]{section.3.3}{\376\377\0003\000.\0003\000.\000\040\000\040\004\022\004\113\004\061\004\076\004\100\000\040\004\101\004\100\004\065\004\064\004\101\004\102\004\062\000\040\004\100\004\060\004\067\004\100\004\060\004\061\004\076\004\102\004\072\004\070}{chapter.3}% 14
\BOOKMARK [2][-]{subsection.3.3.1}{\376\377\0003\000.\0003\000.\0001\000.\000\040\000\040\000J\000a\000v\000a}{section.3.3}% 15
\BOOKMARK [2][-]{subsection.3.3.2}{\376\377\0003\000.\0003\000.\0002\000.\000\040\000\040\000S\000p\000a\000r\000k\000l}{section.3.3}% 16
\BOOKMARK [1][]{section.3.4}{\376\377\0003\000.\0004\000.\000\040\000\040\004\030\004\102\004\076\004\063\004\070}{chapter.3}% 17
\BOOKMARK [0][]{chapter.4}{\376\377\0004\000.\000\040\000\040\004\037\004\100\004\076\004\065\004\072\004\102\004\070\004\100\004\076\004\062\004\060\004\075\004\070\004\065\000\040\004\070\000\040\004\100\004\060\004\067\004\100\004\060\004\061\004\076\004\102\004\072\004\060\000\040\004\101\004\070\004\101\004\102\004\065\004\074\004\113}{}% 18
\BOOKMARK [1][]{section.4.1}{\376\377\0004\000.\0001\000.\000\040\000\040\004\044\004\103\004\075\004\072\004\106\004\070\004\076\004\075\004\060\004\073\004\114\004\075\004\076\004\101\004\102\004\114}{chapter.4}% 19
\BOOKMARK [2][-]{subsection.4.1.1}{\376\377\0004\000.\0001\000.\0001\000.\000\040\000\040\004\022\004\113\004\061\004\076\004\100\000\040\004\076\004\102\004\107\004\121\004\102\004\060}{section.4.1}% 20
\BOOKMARK [2][-]{subsection.4.1.2}{\376\377\0004\000.\0001\000.\0002\000.\000\040\000\040\004\040\004\060\004\061\004\076\004\102\004\060\000\040\004\101\000\040\004\077\004\076\004\073\004\103\004\107\004\065\004\075\004\075\004\113\004\074\004\070\000\040\004\064\004\060\004\075\004\075\004\113\004\074\004\070}{section.4.1}% 21
\BOOKMARK [1][]{section.4.2}{\376\377\0004\000.\0002\000.\000\040\000\040\004\040\004\065\004\060\004\073\004\070\004\067\004\060\004\106\004\070\004\117}{chapter.4}% 22
\BOOKMARK [2][-]{subsection.4.2.1}{\376\377\0004\000.\0002\000.\0001\000.\000\040\000\040\004\041\004\102\004\100\004\103\004\072\004\102\004\103\004\100\004\060\000\040\004\072\004\076\004\074\004\077\004\076\004\075\004\065\004\075\004\102\004\076\004\062\000\040\004\070\000\040\004\076\004\077\004\070\004\101\004\060\004\075\004\070\004\065}{section.4.2}% 23
\BOOKMARK [2][-]{subsection.4.2.2}{\376\377\0004\000.\0002\000.\0002\000.\000\040\000\040\000R\000E\000S\000T\000-\004\101\004\065\004\100\004\062\004\070\004\101}{section.4.2}% 24
\BOOKMARK [2][-]{subsection.4.2.3}{\376\377\0004\000.\0002\000.\0003\000.\000\040\000\040\004\023\004\100\004\060\004\104\004\070\004\107\004\065\004\101\004\072\004\070\004\071\000\040\004\070\004\075\004\102\004\065\004\100\004\104\004\065\004\071\004\101}{section.4.2}% 25
\BOOKMARK [1][]{section.4.3}{\376\377\0004\000.\0003\000.\000\040\000\040\004\030\004\102\004\076\004\063\004\070}{chapter.4}% 26
\BOOKMARK [0][]{chapter.5}{\376\377\0005\000.\000\040\000\040\004\042\004\065\004\101\004\102\004\070\004\100\004\076\004\062\004\060\004\075\004\070\004\065\000\040\004\101\004\070\004\101\004\102\004\065\004\074\004\113}{}% 27
\BOOKMARK [1][]{section.5.1}{\376\377\0005\000.\0001\000.\000\040\000\040\000B\000a\000c\000k\000e\000n\000d\000\040\004\102\004\065\004\101\004\102\004\070\004\100\004\076\004\062\004\060\004\075\004\070\004\065}{chapter.5}% 28
\BOOKMARK [1][]{section.5.2}{\376\377\0005\000.\0002\000.\000\040\000\040\004\042\004\065\004\101\004\102\004\070\004\100\004\076\004\062\004\060\004\075\004\070\004\065\000\040\000R\000E\000S\000T\000-\004\101\004\065\004\100\004\062\004\070\004\101\004\060}{chapter.5}% 29
\BOOKMARK [1][]{section.5.3}{\376\377\0005\000.\0003\000.\000\040\000\040\000F\000r\000o\000n\000t\000e\000n\000d\000\040\004\102\004\065\004\101\004\102\004\070\004\100\004\076\004\062\004\060\004\075\004\070\004\065}{chapter.5}% 30
\BOOKMARK [1][]{section.5.4}{\376\377\0005\000.\0004\000.\000\040\000\040\004\030\004\102\004\076\004\063\004\070}{chapter.5}% 31
\BOOKMARK [0][]{chapter.6}{\376\377\0006\000.\000\040\000\040\004\020\004\075\004\060\004\073\004\070\004\067\000\040\004\100\004\060\004\067\004\100\004\060\004\061\004\076\004\102\004\060\004\075\004\075\004\076\004\071\000\040\004\101\004\070\004\101\004\102\004\065\004\074\004\113}{}% 32
\BOOKMARK [0][]{chapter*.19}{\376\377\004\027\004\020\004\032\004\033\004\056\004\047\004\025\004\035\004\030\004\025}{}% 33
\BOOKMARK [0][]{chapter*.21}{\376\377\004\041\004\037\004\030\004\041\004\036\004\032\000\040\004\030\004\041\004\037\004\036\004\033\004\054\004\027\004\036\004\022\004\020\004\035\004\035\004\053\004\045\000\040\004\030\004\041\004\042\004\036\004\047\004\035\004\030\004\032\004\036\004\022}{}% 34
\BOOKMARK [0][]{appendix.A}{\376\377\004\037\004\040\004\030\004\033\004\036\004\026\004\025\004\035\004\030\004\025\000\040\004\020\000.\000\040\000\040\004\033\004\070\004\101\004\102\004\070\004\075\004\063\004\070\000.}{}% 35
